16:26:14.716 [main           ] INFO  moving_client.GeolifeStorage   - Doing the GeolifeStorage Experiment
16:26:14.720 [main           ] INFO  moving_client.GeolifeStorage   - GRANULARITY = [100, 50, 25, 10, 1]
16:26:14.721 [main           ] INFO  moving_client.GeolifeStorage   - GEOFENCE_SIZE = 0.01
16:26:14.721 [main           ] INFO  moving_client.GeolifeStorage   - EXPERIMENT_TIME = 900
16:26:14.721 [main           ] INFO  moving_client.GeolifeStorage   - GEOLIFE_START_INDEX = 1
16:26:14.721 [main           ] INFO  moving_client.GeolifeStorage   - GEOLIFE_STOP_INDEX = [1, 10, 100, 250, 500, 750, 1000]
16:26:14.721 [main           ] INFO  moving_client.GeolifeStorage   - UPDATE_PUBLISH_OPS = [99,1, 1,1, 1,10, 1,99]
16:41:15.643 [main           ] INFO  moving_client.GeolifeStorage   - GEOLIFE_STOP_INDEX=1,UPDATE_OPS=99,PUBLISH_OPS=1,Granularity=100,Throughput (ops/s)=1062387.0
16:56:15.758 [main           ] INFO  moving_client.GeolifeStorage   - GEOLIFE_STOP_INDEX=1,UPDATE_OPS=99,PUBLISH_OPS=1,Granularity=50,Throughput (ops/s)=1108122.0
17:11:15.860 [main           ] INFO  moving_client.GeolifeStorage   - GEOLIFE_STOP_INDEX=1,UPDATE_OPS=99,PUBLISH_OPS=1,Granularity=25,Throughput (ops/s)=1110149.0
17:26:15.971 [main           ] INFO  moving_client.GeolifeStorage   - GEOLIFE_STOP_INDEX=1,UPDATE_OPS=99,PUBLISH_OPS=1,Granularity=10,Throughput (ops/s)=1109616.0
17:41:16.096 [main           ] INFO  moving_client.GeolifeStorage   - GEOLIFE_STOP_INDEX=1,UPDATE_OPS=99,PUBLISH_OPS=1,Granularity=1,Throughput (ops/s)=1110148.0
17:56:16.225 [main           ] INFO  moving_client.GeolifeStorage   - GEOLIFE_STOP_INDEX=1,UPDATE_OPS=1,PUBLISH_OPS=1,Granularity=100,Throughput (ops/s)=1043954.0
18:11:16.356 [main           ] INFO  moving_client.GeolifeStorage   - GEOLIFE_STOP_INDEX=1,UPDATE_OPS=1,PUBLISH_OPS=1,Granularity=50,Throughput (ops/s)=1040255.0
18:26:16.487 [main           ] INFO  moving_client.GeolifeStorage   - GEOLIFE_STOP_INDEX=1,UPDATE_OPS=1,PUBLISH_OPS=1,Granularity=25,Throughput (ops/s)=1039462.0
18:41:16.582 [main           ] INFO  moving_client.GeolifeStorage   - GEOLIFE_STOP_INDEX=1,UPDATE_OPS=1,PUBLISH_OPS=1,Granularity=10,Throughput (ops/s)=1044093.0
18:56:16.708 [main           ] INFO  moving_client.GeolifeStorage   - GEOLIFE_STOP_INDEX=1,UPDATE_OPS=1,PUBLISH_OPS=1,Granularity=1,Throughput (ops/s)=1044599.0
19:11:16.853 [main           ] INFO  moving_client.GeolifeStorage   - GEOLIFE_STOP_INDEX=1,UPDATE_OPS=1,PUBLISH_OPS=10,Granularity=100,Throughput (ops/s)=865734.0
19:26:16.999 [main           ] INFO  moving_client.GeolifeStorage   - GEOLIFE_STOP_INDEX=1,UPDATE_OPS=1,PUBLISH_OPS=10,Granularity=50,Throughput (ops/s)=866099.0
19:41:17.125 [main           ] INFO  moving_client.GeolifeStorage   - GEOLIFE_STOP_INDEX=1,UPDATE_OPS=1,PUBLISH_OPS=10,Granularity=25,Throughput (ops/s)=866662.0
19:56:17.248 [main           ] INFO  moving_client.GeolifeStorage   - GEOLIFE_STOP_INDEX=1,UPDATE_OPS=1,PUBLISH_OPS=10,Granularity=10,Throughput (ops/s)=865689.0
20:11:17.354 [main           ] INFO  moving_client.GeolifeStorage   - GEOLIFE_STOP_INDEX=1,UPDATE_OPS=1,PUBLISH_OPS=10,Granularity=1,Throughput (ops/s)=866451.0
20:26:17.478 [main           ] INFO  moving_client.GeolifeStorage   - GEOLIFE_STOP_INDEX=1,UPDATE_OPS=1,PUBLISH_OPS=99,Granularity=100,Throughput (ops/s)=827257.0
20:41:17.573 [main           ] INFO  moving_client.GeolifeStorage   - GEOLIFE_STOP_INDEX=1,UPDATE_OPS=1,PUBLISH_OPS=99,Granularity=50,Throughput (ops/s)=826709.0
20:56:17.709 [main           ] INFO  moving_client.GeolifeStorage   - GEOLIFE_STOP_INDEX=1,UPDATE_OPS=1,PUBLISH_OPS=99,Granularity=25,Throughput (ops/s)=827412.0
21:11:17.849 [main           ] INFO  moving_client.GeolifeStorage   - GEOLIFE_STOP_INDEX=1,UPDATE_OPS=1,PUBLISH_OPS=99,Granularity=10,Throughput (ops/s)=826597.0
21:26:17.972 [main           ] INFO  moving_client.GeolifeStorage   - GEOLIFE_STOP_INDEX=1,UPDATE_OPS=1,PUBLISH_OPS=99,Granularity=1,Throughput (ops/s)=826444.0
21:41:18.247 [main           ] INFO  moving_client.GeolifeStorage   - GEOLIFE_STOP_INDEX=10,UPDATE_OPS=99,PUBLISH_OPS=1,Granularity=100,Throughput (ops/s)=233216.1
21:56:18.731 [main           ] INFO  moving_client.GeolifeStorage   - GEOLIFE_STOP_INDEX=10,UPDATE_OPS=99,PUBLISH_OPS=1,Granularity=50,Throughput (ops/s)=241540.5
22:11:19.155 [main           ] INFO  moving_client.GeolifeStorage   - GEOLIFE_STOP_INDEX=10,UPDATE_OPS=99,PUBLISH_OPS=1,Granularity=25,Throughput (ops/s)=241242.5
22:26:19.653 [main           ] INFO  moving_client.GeolifeStorage   - GEOLIFE_STOP_INDEX=10,UPDATE_OPS=99,PUBLISH_OPS=1,Granularity=10,Throughput (ops/s)=229311.1
22:41:19.911 [main           ] INFO  moving_client.GeolifeStorage   - GEOLIFE_STOP_INDEX=10,UPDATE_OPS=99,PUBLISH_OPS=1,Granularity=1,Throughput (ops/s)=243144.5
22:56:20.319 [main           ] INFO  moving_client.GeolifeStorage   - GEOLIFE_STOP_INDEX=10,UPDATE_OPS=1,PUBLISH_OPS=1,Granularity=100,Throughput (ops/s)=186077.9
23:11:20.597 [main           ] INFO  moving_client.GeolifeStorage   - GEOLIFE_STOP_INDEX=10,UPDATE_OPS=1,PUBLISH_OPS=1,Granularity=50,Throughput (ops/s)=186439.1
23:26:21.060 [main           ] INFO  moving_client.GeolifeStorage   - GEOLIFE_STOP_INDEX=10,UPDATE_OPS=1,PUBLISH_OPS=1,Granularity=25,Throughput (ops/s)=182611.1
23:41:21.330 [main           ] INFO  moving_client.GeolifeStorage   - GEOLIFE_STOP_INDEX=10,UPDATE_OPS=1,PUBLISH_OPS=1,Granularity=10,Throughput (ops/s)=191272.7
23:56:21.723 [main           ] INFO  moving_client.GeolifeStorage   - GEOLIFE_STOP_INDEX=10,UPDATE_OPS=1,PUBLISH_OPS=1,Granularity=1,Throughput (ops/s)=188936.6
00:11:22.216 [main           ] INFO  moving_client.GeolifeStorage   - GEOLIFE_STOP_INDEX=10,UPDATE_OPS=1,PUBLISH_OPS=10,Granularity=100,Throughput (ops/s)=123451.5
00:26:22.479 [main           ] INFO  moving_client.GeolifeStorage   - GEOLIFE_STOP_INDEX=10,UPDATE_OPS=1,PUBLISH_OPS=10,Granularity=50,Throughput (ops/s)=130847.9
00:41:22.971 [main           ] INFO  moving_client.GeolifeStorage   - GEOLIFE_STOP_INDEX=10,UPDATE_OPS=1,PUBLISH_OPS=10,Granularity=25,Throughput (ops/s)=128358.1
00:56:23.523 [main           ] INFO  moving_client.GeolifeStorage   - GEOLIFE_STOP_INDEX=10,UPDATE_OPS=1,PUBLISH_OPS=10,Granularity=10,Throughput (ops/s)=127229.9
01:11:24.150 [main           ] INFO  moving_client.GeolifeStorage   - GEOLIFE_STOP_INDEX=10,UPDATE_OPS=1,PUBLISH_OPS=10,Granularity=1,Throughput (ops/s)=125285.3
01:26:24.754 [main           ] INFO  moving_client.GeolifeStorage   - GEOLIFE_STOP_INDEX=10,UPDATE_OPS=1,PUBLISH_OPS=99,Granularity=100,Throughput (ops/s)=120351.1
01:41:25.044 [main           ] INFO  moving_client.GeolifeStorage   - GEOLIFE_STOP_INDEX=10,UPDATE_OPS=1,PUBLISH_OPS=99,Granularity=50,Throughput (ops/s)=120189.4
01:56:25.512 [main           ] INFO  moving_client.GeolifeStorage   - GEOLIFE_STOP_INDEX=10,UPDATE_OPS=1,PUBLISH_OPS=99,Granularity=25,Throughput (ops/s)=120156.2
02:11:25.758 [main           ] INFO  moving_client.GeolifeStorage   - GEOLIFE_STOP_INDEX=10,UPDATE_OPS=1,PUBLISH_OPS=99,Granularity=10,Throughput (ops/s)=119902.0
02:26:26.265 [main           ] INFO  moving_client.GeolifeStorage   - GEOLIFE_STOP_INDEX=10,UPDATE_OPS=1,PUBLISH_OPS=99,Granularity=1,Throughput (ops/s)=120430.3
02:41:30.311 [main           ] INFO  moving_client.GeolifeStorage   - GEOLIFE_STOP_INDEX=100,UPDATE_OPS=99,PUBLISH_OPS=1,Granularity=100,Throughput (ops/s)=20485.84
02:56:34.423 [main           ] INFO  moving_client.GeolifeStorage   - GEOLIFE_STOP_INDEX=100,UPDATE_OPS=99,PUBLISH_OPS=1,Granularity=50,Throughput (ops/s)=21764.99
03:11:38.074 [main           ] INFO  moving_client.GeolifeStorage   - GEOLIFE_STOP_INDEX=100,UPDATE_OPS=99,PUBLISH_OPS=1,Granularity=25,Throughput (ops/s)=21495.18
03:26:41.306 [main           ] INFO  moving_client.GeolifeStorage   - GEOLIFE_STOP_INDEX=100,UPDATE_OPS=99,PUBLISH_OPS=1,Granularity=10,Throughput (ops/s)=21452.93
03:41:45.553 [main           ] INFO  moving_client.GeolifeStorage   - GEOLIFE_STOP_INDEX=100,UPDATE_OPS=99,PUBLISH_OPS=1,Granularity=1,Throughput (ops/s)=21405.29
03:56:51.471 [main           ] INFO  moving_client.GeolifeStorage   - GEOLIFE_STOP_INDEX=100,UPDATE_OPS=1,PUBLISH_OPS=1,Granularity=100,Throughput (ops/s)=4635.05
04:11:57.349 [main           ] INFO  moving_client.GeolifeStorage   - GEOLIFE_STOP_INDEX=100,UPDATE_OPS=1,PUBLISH_OPS=1,Granularity=50,Throughput (ops/s)=4633.49
04:27:02.793 [main           ] INFO  moving_client.GeolifeStorage   - GEOLIFE_STOP_INDEX=100,UPDATE_OPS=1,PUBLISH_OPS=1,Granularity=25,Throughput (ops/s)=4666.64
04:42:09.465 [main           ] INFO  moving_client.GeolifeStorage   - GEOLIFE_STOP_INDEX=100,UPDATE_OPS=1,PUBLISH_OPS=1,Granularity=10,Throughput (ops/s)=4609.29
04:57:14.262 [main           ] INFO  moving_client.GeolifeStorage   - GEOLIFE_STOP_INDEX=100,UPDATE_OPS=1,PUBLISH_OPS=1,Granularity=1,Throughput (ops/s)=4665.49
05:12:18.794 [main           ] INFO  moving_client.GeolifeStorage   - GEOLIFE_STOP_INDEX=100,UPDATE_OPS=1,PUBLISH_OPS=10,Granularity=100,Throughput (ops/s)=2030.66
05:27:23.470 [main           ] INFO  moving_client.GeolifeStorage   - GEOLIFE_STOP_INDEX=100,UPDATE_OPS=1,PUBLISH_OPS=10,Granularity=50,Throughput (ops/s)=2039.77
05:42:28.246 [main           ] INFO  moving_client.GeolifeStorage   - GEOLIFE_STOP_INDEX=100,UPDATE_OPS=1,PUBLISH_OPS=10,Granularity=25,Throughput (ops/s)=2034.42
05:57:34.177 [main           ] INFO  moving_client.GeolifeStorage   - GEOLIFE_STOP_INDEX=100,UPDATE_OPS=1,PUBLISH_OPS=10,Granularity=10,Throughput (ops/s)=2029.13
06:12:40.591 [main           ] INFO  moving_client.GeolifeStorage   - GEOLIFE_STOP_INDEX=100,UPDATE_OPS=1,PUBLISH_OPS=10,Granularity=1,Throughput (ops/s)=2024.11
06:27:46.437 [main           ] INFO  moving_client.GeolifeStorage   - GEOLIFE_STOP_INDEX=100,UPDATE_OPS=1,PUBLISH_OPS=99,Granularity=100,Throughput (ops/s)=1743.86
06:42:52.812 [main           ] INFO  moving_client.GeolifeStorage   - GEOLIFE_STOP_INDEX=100,UPDATE_OPS=1,PUBLISH_OPS=99,Granularity=50,Throughput (ops/s)=1746.32
06:57:58.663 [main           ] INFO  moving_client.GeolifeStorage   - GEOLIFE_STOP_INDEX=100,UPDATE_OPS=1,PUBLISH_OPS=99,Granularity=25,Throughput (ops/s)=1744.05
07:13:04.126 [main           ] INFO  moving_client.GeolifeStorage   - GEOLIFE_STOP_INDEX=100,UPDATE_OPS=1,PUBLISH_OPS=99,Granularity=10,Throughput (ops/s)=1746.28
07:28:11.098 [main           ] INFO  moving_client.GeolifeStorage   - GEOLIFE_STOP_INDEX=100,UPDATE_OPS=1,PUBLISH_OPS=99,Granularity=1,Throughput (ops/s)=1745.71
07:43:27.678 [main           ] INFO  moving_client.GeolifeStorage   - GEOLIFE_STOP_INDEX=250,UPDATE_OPS=99,PUBLISH_OPS=1,Granularity=100,Throughput (ops/s)=7493.44
07:58:45.197 [main           ] INFO  moving_client.GeolifeStorage   - GEOLIFE_STOP_INDEX=250,UPDATE_OPS=99,PUBLISH_OPS=1,Granularity=50,Throughput (ops/s)=7579.652
08:14:01.595 [main           ] INFO  moving_client.GeolifeStorage   - GEOLIFE_STOP_INDEX=250,UPDATE_OPS=99,PUBLISH_OPS=1,Granularity=25,Throughput (ops/s)=7575.244
08:29:19.303 [main           ] INFO  moving_client.GeolifeStorage   - GEOLIFE_STOP_INDEX=250,UPDATE_OPS=99,PUBLISH_OPS=1,Granularity=10,Throughput (ops/s)=7581.64
08:44:35.640 [main           ] INFO  moving_client.GeolifeStorage   - GEOLIFE_STOP_INDEX=250,UPDATE_OPS=99,PUBLISH_OPS=1,Granularity=1,Throughput (ops/s)=7457.552
08:59:56.962 [main           ] INFO  moving_client.GeolifeStorage   - GEOLIFE_STOP_INDEX=250,UPDATE_OPS=1,PUBLISH_OPS=1,Granularity=100,Throughput (ops/s)=879.984
09:15:16.880 [main           ] INFO  moving_client.GeolifeStorage   - GEOLIFE_STOP_INDEX=250,UPDATE_OPS=1,PUBLISH_OPS=1,Granularity=50,Throughput (ops/s)=878.912
09:30:36.575 [main           ] INFO  moving_client.GeolifeStorage   - GEOLIFE_STOP_INDEX=250,UPDATE_OPS=1,PUBLISH_OPS=1,Granularity=25,Throughput (ops/s)=876.512
09:46:00.707 [main           ] INFO  moving_client.GeolifeStorage   - GEOLIFE_STOP_INDEX=250,UPDATE_OPS=1,PUBLISH_OPS=1,Granularity=10,Throughput (ops/s)=874.608
10:01:20.535 [main           ] INFO  moving_client.GeolifeStorage   - GEOLIFE_STOP_INDEX=250,UPDATE_OPS=1,PUBLISH_OPS=1,Granularity=1,Throughput (ops/s)=870.72
10:16:36.363 [main           ] INFO  moving_client.GeolifeStorage   - GEOLIFE_STOP_INDEX=250,UPDATE_OPS=1,PUBLISH_OPS=10,Granularity=100,Throughput (ops/s)=357.496
10:31:54.962 [main           ] INFO  moving_client.GeolifeStorage   - GEOLIFE_STOP_INDEX=250,UPDATE_OPS=1,PUBLISH_OPS=10,Granularity=50,Throughput (ops/s)=354.844
10:47:16.742 [main           ] INFO  moving_client.GeolifeStorage   - GEOLIFE_STOP_INDEX=250,UPDATE_OPS=1,PUBLISH_OPS=10,Granularity=25,Throughput (ops/s)=359.74
11:02:44.676 [main           ] INFO  moving_client.GeolifeStorage   - GEOLIFE_STOP_INDEX=250,UPDATE_OPS=1,PUBLISH_OPS=10,Granularity=10,Throughput (ops/s)=356.868
11:18:06.701 [main           ] INFO  moving_client.GeolifeStorage   - GEOLIFE_STOP_INDEX=250,UPDATE_OPS=1,PUBLISH_OPS=10,Granularity=1,Throughput (ops/s)=354.768
11:33:23.937 [main           ] INFO  moving_client.GeolifeStorage   - GEOLIFE_STOP_INDEX=250,UPDATE_OPS=1,PUBLISH_OPS=99,Granularity=100,Throughput (ops/s)=295.432
11:48:37.381 [main           ] INFO  moving_client.GeolifeStorage   - GEOLIFE_STOP_INDEX=250,UPDATE_OPS=1,PUBLISH_OPS=99,Granularity=50,Throughput (ops/s)=296.112
12:03:55.713 [main           ] INFO  moving_client.GeolifeStorage   - GEOLIFE_STOP_INDEX=250,UPDATE_OPS=1,PUBLISH_OPS=99,Granularity=25,Throughput (ops/s)=298.344
12:19:14.164 [main           ] INFO  moving_client.GeolifeStorage   - GEOLIFE_STOP_INDEX=250,UPDATE_OPS=1,PUBLISH_OPS=99,Granularity=10,Throughput (ops/s)=298.336
12:34:34.836 [main           ] INFO  moving_client.GeolifeStorage   - GEOLIFE_STOP_INDEX=250,UPDATE_OPS=1,PUBLISH_OPS=99,Granularity=1,Throughput (ops/s)=304.196
12:50:08.927 [main           ] INFO  moving_client.GeolifeStorage   - GEOLIFE_STOP_INDEX=500,UPDATE_OPS=99,PUBLISH_OPS=1,Granularity=100,Throughput (ops/s)=3034.782
13:05:41.089 [main           ] INFO  moving_client.GeolifeStorage   - GEOLIFE_STOP_INDEX=500,UPDATE_OPS=99,PUBLISH_OPS=1,Granularity=50,Throughput (ops/s)=3049.644
13:21:16.090 [main           ] INFO  moving_client.GeolifeStorage   - GEOLIFE_STOP_INDEX=500,UPDATE_OPS=99,PUBLISH_OPS=1,Granularity=25,Throughput (ops/s)=3027.304
13:36:51.763 [main           ] INFO  moving_client.GeolifeStorage   - GEOLIFE_STOP_INDEX=500,UPDATE_OPS=99,PUBLISH_OPS=1,Granularity=10,Throughput (ops/s)=3054.424
13:52:29.869 [main           ] INFO  moving_client.GeolifeStorage   - GEOLIFE_STOP_INDEX=500,UPDATE_OPS=99,PUBLISH_OPS=1,Granularity=1,Throughput (ops/s)=3051.168
14:08:15.114 [main           ] INFO  moving_client.GeolifeStorage   - GEOLIFE_STOP_INDEX=500,UPDATE_OPS=1,PUBLISH_OPS=1,Granularity=100,Throughput (ops/s)=218.09
14:23:49.348 [main           ] INFO  moving_client.GeolifeStorage   - GEOLIFE_STOP_INDEX=500,UPDATE_OPS=1,PUBLISH_OPS=1,Granularity=50,Throughput (ops/s)=209.85
14:39:23.895 [main           ] INFO  moving_client.GeolifeStorage   - GEOLIFE_STOP_INDEX=500,UPDATE_OPS=1,PUBLISH_OPS=1,Granularity=25,Throughput (ops/s)=205.474
14:55:03.109 [main           ] INFO  moving_client.GeolifeStorage   - GEOLIFE_STOP_INDEX=500,UPDATE_OPS=1,PUBLISH_OPS=1,Granularity=10,Throughput (ops/s)=206.472
15:10:33.865 [main           ] INFO  moving_client.GeolifeStorage   - GEOLIFE_STOP_INDEX=500,UPDATE_OPS=1,PUBLISH_OPS=1,Granularity=1,Throughput (ops/s)=201.242
15:26:31.686 [main           ] INFO  moving_client.GeolifeStorage   - GEOLIFE_STOP_INDEX=500,UPDATE_OPS=1,PUBLISH_OPS=10,Granularity=100,Throughput (ops/s)=86.564
15:42:03.830 [main           ] INFO  moving_client.GeolifeStorage   - GEOLIFE_STOP_INDEX=500,UPDATE_OPS=1,PUBLISH_OPS=10,Granularity=50,Throughput (ops/s)=84.798
15:57:32.743 [main           ] INFO  moving_client.GeolifeStorage   - GEOLIFE_STOP_INDEX=500,UPDATE_OPS=1,PUBLISH_OPS=10,Granularity=25,Throughput (ops/s)=82.398
16:13:08.976 [main           ] INFO  moving_client.GeolifeStorage   - GEOLIFE_STOP_INDEX=500,UPDATE_OPS=1,PUBLISH_OPS=10,Granularity=10,Throughput (ops/s)=82.328
16:29:00.977 [main           ] INFO  moving_client.GeolifeStorage   - GEOLIFE_STOP_INDEX=500,UPDATE_OPS=1,PUBLISH_OPS=10,Granularity=1,Throughput (ops/s)=85.44
16:45:45.436 [main           ] INFO  moving_client.GeolifeStorage   - GEOLIFE_STOP_INDEX=500,UPDATE_OPS=1,PUBLISH_OPS=99,Granularity=100,Throughput (ops/s)=82.23
17:01:39.644 [main           ] INFO  moving_client.GeolifeStorage   - GEOLIFE_STOP_INDEX=500,UPDATE_OPS=1,PUBLISH_OPS=99,Granularity=50,Throughput (ops/s)=76.826
17:17:49.546 [main           ] INFO  moving_client.GeolifeStorage   - GEOLIFE_STOP_INDEX=500,UPDATE_OPS=1,PUBLISH_OPS=99,Granularity=25,Throughput (ops/s)=72.856
17:35:26.650 [main           ] INFO  moving_client.GeolifeStorage   - GEOLIFE_STOP_INDEX=500,UPDATE_OPS=1,PUBLISH_OPS=99,Granularity=10,Throughput (ops/s)=81.942
17:51:54.422 [main           ] INFO  moving_client.GeolifeStorage   - GEOLIFE_STOP_INDEX=500,UPDATE_OPS=1,PUBLISH_OPS=99,Granularity=1,Throughput (ops/s)=75.152
18:07:41.173 [main           ] INFO  moving_client.GeolifeStorage   - GEOLIFE_STOP_INDEX=750,UPDATE_OPS=99,PUBLISH_OPS=1,Granularity=100,Throughput (ops/s)=1678.5346666666667
18:23:27.385 [main           ] INFO  moving_client.GeolifeStorage   - GEOLIFE_STOP_INDEX=750,UPDATE_OPS=99,PUBLISH_OPS=1,Granularity=50,Throughput (ops/s)=1671.5226666666667
18:39:10.057 [main           ] INFO  moving_client.GeolifeStorage   - GEOLIFE_STOP_INDEX=750,UPDATE_OPS=99,PUBLISH_OPS=1,Granularity=25,Throughput (ops/s)=1661.6333333333334
18:54:58.958 [main           ] INFO  moving_client.GeolifeStorage   - GEOLIFE_STOP_INDEX=750,UPDATE_OPS=99,PUBLISH_OPS=1,Granularity=10,Throughput (ops/s)=1674.8546666666666
19:10:48.083 [main           ] INFO  moving_client.GeolifeStorage   - GEOLIFE_STOP_INDEX=750,UPDATE_OPS=99,PUBLISH_OPS=1,Granularity=1,Throughput (ops/s)=1669.0
19:26:38.365 [main           ] INFO  moving_client.GeolifeStorage   - GEOLIFE_STOP_INDEX=750,UPDATE_OPS=1,PUBLISH_OPS=1,Granularity=100,Throughput (ops/s)=94.52133333333333
19:42:31.677 [main           ] INFO  moving_client.GeolifeStorage   - GEOLIFE_STOP_INDEX=750,UPDATE_OPS=1,PUBLISH_OPS=1,Granularity=50,Throughput (ops/s)=96.08266666666667
19:58:19.658 [main           ] INFO  moving_client.GeolifeStorage   - GEOLIFE_STOP_INDEX=750,UPDATE_OPS=1,PUBLISH_OPS=1,Granularity=25,Throughput (ops/s)=93.84933333333333
20:14:18.050 [main           ] INFO  moving_client.GeolifeStorage   - GEOLIFE_STOP_INDEX=750,UPDATE_OPS=1,PUBLISH_OPS=1,Granularity=10,Throughput (ops/s)=96.02666666666667
20:30:20.003 [main           ] INFO  moving_client.GeolifeStorage   - GEOLIFE_STOP_INDEX=750,UPDATE_OPS=1,PUBLISH_OPS=1,Granularity=1,Throughput (ops/s)=96.46
20:46:43.132 [main           ] INFO  moving_client.GeolifeStorage   - GEOLIFE_STOP_INDEX=750,UPDATE_OPS=1,PUBLISH_OPS=10,Granularity=100,Throughput (ops/s)=40.63466666666667
21:03:07.873 [main           ] INFO  moving_client.GeolifeStorage   - GEOLIFE_STOP_INDEX=750,UPDATE_OPS=1,PUBLISH_OPS=10,Granularity=50,Throughput (ops/s)=43.034666666666666
21:19:02.952 [main           ] INFO  moving_client.GeolifeStorage   - GEOLIFE_STOP_INDEX=750,UPDATE_OPS=1,PUBLISH_OPS=10,Granularity=25,Throughput (ops/s)=39.068
21:34:59.672 [main           ] INFO  moving_client.GeolifeStorage   - GEOLIFE_STOP_INDEX=750,UPDATE_OPS=1,PUBLISH_OPS=10,Granularity=10,Throughput (ops/s)=39.31733333333333
21:51:22.532 [main           ] INFO  moving_client.GeolifeStorage   - GEOLIFE_STOP_INDEX=750,UPDATE_OPS=1,PUBLISH_OPS=10,Granularity=1,Throughput (ops/s)=40.516
22:11:26.995 [main           ] INFO  moving_client.GeolifeStorage   - GEOLIFE_STOP_INDEX=750,UPDATE_OPS=1,PUBLISH_OPS=99,Granularity=100,Throughput (ops/s)=38.512
22:32:28.349 [main           ] INFO  moving_client.GeolifeStorage   - GEOLIFE_STOP_INDEX=750,UPDATE_OPS=1,PUBLISH_OPS=99,Granularity=50,Throughput (ops/s)=44.972
22:48:29.532 [main           ] INFO  moving_client.GeolifeStorage   - GEOLIFE_STOP_INDEX=750,UPDATE_OPS=1,PUBLISH_OPS=99,Granularity=25,Throughput (ops/s)=35.62133333333333
23:06:18.102 [main           ] INFO  moving_client.GeolifeStorage   - GEOLIFE_STOP_INDEX=750,UPDATE_OPS=1,PUBLISH_OPS=99,Granularity=10,Throughput (ops/s)=39.36533333333333
23:22:17.892 [main           ] INFO  moving_client.GeolifeStorage   - GEOLIFE_STOP_INDEX=750,UPDATE_OPS=1,PUBLISH_OPS=99,Granularity=1,Throughput (ops/s)=46.144
23:38:24.409 [main           ] INFO  moving_client.GeolifeStorage   - GEOLIFE_STOP_INDEX=1000,UPDATE_OPS=99,PUBLISH_OPS=1,Granularity=100,Throughput (ops/s)=1091.148
23:54:34.390 [main           ] INFO  moving_client.GeolifeStorage   - GEOLIFE_STOP_INDEX=1000,UPDATE_OPS=99,PUBLISH_OPS=1,Granularity=50,Throughput (ops/s)=1082.2
00:10:41.144 [main           ] INFO  moving_client.GeolifeStorage   - GEOLIFE_STOP_INDEX=1000,UPDATE_OPS=99,PUBLISH_OPS=1,Granularity=25,Throughput (ops/s)=1094.668
00:26:55.234 [main           ] INFO  moving_client.GeolifeStorage   - GEOLIFE_STOP_INDEX=1000,UPDATE_OPS=99,PUBLISH_OPS=1,Granularity=10,Throughput (ops/s)=1084.408
00:43:10.241 [main           ] INFO  moving_client.GeolifeStorage   - GEOLIFE_STOP_INDEX=1000,UPDATE_OPS=99,PUBLISH_OPS=1,Granularity=1,Throughput (ops/s)=1097.559
00:59:32.106 [main           ] INFO  moving_client.GeolifeStorage   - GEOLIFE_STOP_INDEX=1000,UPDATE_OPS=1,PUBLISH_OPS=1,Granularity=100,Throughput (ops/s)=52.549
01:15:59.793 [main           ] INFO  moving_client.GeolifeStorage   - GEOLIFE_STOP_INDEX=1000,UPDATE_OPS=1,PUBLISH_OPS=1,Granularity=50,Throughput (ops/s)=52.217
01:32:27.037 [main           ] INFO  moving_client.GeolifeStorage   - GEOLIFE_STOP_INDEX=1000,UPDATE_OPS=1,PUBLISH_OPS=1,Granularity=25,Throughput (ops/s)=51.62
01:48:53.743 [main           ] INFO  moving_client.GeolifeStorage   - GEOLIFE_STOP_INDEX=1000,UPDATE_OPS=1,PUBLISH_OPS=1,Granularity=10,Throughput (ops/s)=52.471
02:05:06.300 [main           ] INFO  moving_client.GeolifeStorage   - GEOLIFE_STOP_INDEX=1000,UPDATE_OPS=1,PUBLISH_OPS=1,Granularity=1,Throughput (ops/s)=53.007
02:22:13.114 [main           ] INFO  moving_client.GeolifeStorage   - GEOLIFE_STOP_INDEX=1000,UPDATE_OPS=1,PUBLISH_OPS=10,Granularity=100,Throughput (ops/s)=22.403
02:38:44.168 [main           ] INFO  moving_client.GeolifeStorage   - GEOLIFE_STOP_INDEX=1000,UPDATE_OPS=1,PUBLISH_OPS=10,Granularity=50,Throughput (ops/s)=22.129
02:55:10.019 [main           ] INFO  moving_client.GeolifeStorage   - GEOLIFE_STOP_INDEX=1000,UPDATE_OPS=1,PUBLISH_OPS=10,Granularity=25,Throughput (ops/s)=24.389
03:11:45.157 [main           ] INFO  moving_client.GeolifeStorage   - GEOLIFE_STOP_INDEX=1000,UPDATE_OPS=1,PUBLISH_OPS=10,Granularity=10,Throughput (ops/s)=21.589
03:28:26.938 [main           ] INFO  moving_client.GeolifeStorage   - GEOLIFE_STOP_INDEX=1000,UPDATE_OPS=1,PUBLISH_OPS=10,Granularity=1,Throughput (ops/s)=23.012
03:44:48.286 [main           ] INFO  moving_client.GeolifeStorage   - GEOLIFE_STOP_INDEX=1000,UPDATE_OPS=1,PUBLISH_OPS=99,Granularity=100,Throughput (ops/s)=19.577
04:01:17.912 [main           ] INFO  moving_client.GeolifeStorage   - GEOLIFE_STOP_INDEX=1000,UPDATE_OPS=1,PUBLISH_OPS=99,Granularity=50,Throughput (ops/s)=17.808
04:17:44.949 [main           ] INFO  moving_client.GeolifeStorage   - GEOLIFE_STOP_INDEX=1000,UPDATE_OPS=1,PUBLISH_OPS=99,Granularity=25,Throughput (ops/s)=17.645
04:34:12.675 [main           ] INFO  moving_client.GeolifeStorage   - GEOLIFE_STOP_INDEX=1000,UPDATE_OPS=1,PUBLISH_OPS=99,Granularity=10,Throughput (ops/s)=23.71
04:54:20.570 [main           ] INFO  moving_client.GeolifeStorage   - GEOLIFE_STOP_INDEX=1000,UPDATE_OPS=1,PUBLISH_OPS=99,Granularity=1,Throughput (ops/s)=18.173
