16:25:57.029 [main           ] INFO  moving_client.GeolifeStorage   - Doing the GeolifeStorage Experiment
16:25:57.033 [main           ] INFO  moving_client.GeolifeStorage   - GRANULARITY = [100, 50, 25, 10, 1]
16:25:57.033 [main           ] INFO  moving_client.GeolifeStorage   - GEOFENCE_SIZE = 0.01
16:25:57.033 [main           ] INFO  moving_client.GeolifeStorage   - EXPERIMENT_TIME = 900
16:25:57.033 [main           ] INFO  moving_client.GeolifeStorage   - GEOLIFE_START_INDEX = 1
16:25:57.033 [main           ] INFO  moving_client.GeolifeStorage   - GEOLIFE_STOP_INDEX = [1, 10, 100, 250, 500, 750, 1000]
16:25:57.034 [main           ] INFO  moving_client.GeolifeStorage   - UPDATE_PUBLISH_OPS = [99,1, 1,1, 1,10, 1,99]
16:40:58.074 [main           ] INFO  moving_client.GeolifeStorage   - GEOLIFE_STOP_INDEX=1,UPDATE_OPS=99,PUBLISH_OPS=1,Granularity=100,Throughput (ops/s)=29003.0
16:55:58.266 [main           ] INFO  moving_client.GeolifeStorage   - GEOLIFE_STOP_INDEX=1,UPDATE_OPS=99,PUBLISH_OPS=1,Granularity=50,Throughput (ops/s)=44020.0
17:10:58.447 [main           ] INFO  moving_client.GeolifeStorage   - GEOLIFE_STOP_INDEX=1,UPDATE_OPS=99,PUBLISH_OPS=1,Granularity=25,Throughput (ops/s)=45558.0
17:25:58.591 [main           ] INFO  moving_client.GeolifeStorage   - GEOLIFE_STOP_INDEX=1,UPDATE_OPS=99,PUBLISH_OPS=1,Granularity=10,Throughput (ops/s)=47518.0
17:40:58.764 [main           ] INFO  moving_client.GeolifeStorage   - GEOLIFE_STOP_INDEX=1,UPDATE_OPS=99,PUBLISH_OPS=1,Granularity=1,Throughput (ops/s)=47885.0
17:55:58.905 [main           ] INFO  moving_client.GeolifeStorage   - GEOLIFE_STOP_INDEX=1,UPDATE_OPS=1,PUBLISH_OPS=1,Granularity=100,Throughput (ops/s)=81303.0
18:10:59.046 [main           ] INFO  moving_client.GeolifeStorage   - GEOLIFE_STOP_INDEX=1,UPDATE_OPS=1,PUBLISH_OPS=1,Granularity=50,Throughput (ops/s)=119067.0
18:25:59.218 [main           ] INFO  moving_client.GeolifeStorage   - GEOLIFE_STOP_INDEX=1,UPDATE_OPS=1,PUBLISH_OPS=1,Granularity=25,Throughput (ops/s)=123090.0
18:40:59.380 [main           ] INFO  moving_client.GeolifeStorage   - GEOLIFE_STOP_INDEX=1,UPDATE_OPS=1,PUBLISH_OPS=1,Granularity=10,Throughput (ops/s)=127795.0
18:55:59.518 [main           ] INFO  moving_client.GeolifeStorage   - GEOLIFE_STOP_INDEX=1,UPDATE_OPS=1,PUBLISH_OPS=1,Granularity=1,Throughput (ops/s)=129013.0
19:10:59.661 [main           ] INFO  moving_client.GeolifeStorage   - GEOLIFE_STOP_INDEX=1,UPDATE_OPS=1,PUBLISH_OPS=10,Granularity=100,Throughput (ops/s)=251422.0
19:25:59.802 [main           ] INFO  moving_client.GeolifeStorage   - GEOLIFE_STOP_INDEX=1,UPDATE_OPS=1,PUBLISH_OPS=10,Granularity=50,Throughput (ops/s)=334122.0
19:40:59.953 [main           ] INFO  moving_client.GeolifeStorage   - GEOLIFE_STOP_INDEX=1,UPDATE_OPS=1,PUBLISH_OPS=10,Granularity=25,Throughput (ops/s)=342405.0
19:56:00.092 [main           ] INFO  moving_client.GeolifeStorage   - GEOLIFE_STOP_INDEX=1,UPDATE_OPS=1,PUBLISH_OPS=10,Granularity=10,Throughput (ops/s)=351551.0
20:11:00.276 [main           ] INFO  moving_client.GeolifeStorage   - GEOLIFE_STOP_INDEX=1,UPDATE_OPS=1,PUBLISH_OPS=10,Granularity=1,Throughput (ops/s)=354161.0
20:26:00.424 [main           ] INFO  moving_client.GeolifeStorage   - GEOLIFE_STOP_INDEX=1,UPDATE_OPS=1,PUBLISH_OPS=99,Granularity=100,Throughput (ops/s)=666424.0
20:41:00.602 [main           ] INFO  moving_client.GeolifeStorage   - GEOLIFE_STOP_INDEX=1,UPDATE_OPS=1,PUBLISH_OPS=99,Granularity=50,Throughput (ops/s)=725339.0
20:56:00.754 [main           ] INFO  moving_client.GeolifeStorage   - GEOLIFE_STOP_INDEX=1,UPDATE_OPS=1,PUBLISH_OPS=99,Granularity=25,Throughput (ops/s)=729884.0
21:11:00.942 [main           ] INFO  moving_client.GeolifeStorage   - GEOLIFE_STOP_INDEX=1,UPDATE_OPS=1,PUBLISH_OPS=99,Granularity=10,Throughput (ops/s)=735645.0
21:26:01.234 [main           ] INFO  moving_client.GeolifeStorage   - GEOLIFE_STOP_INDEX=1,UPDATE_OPS=1,PUBLISH_OPS=99,Granularity=1,Throughput (ops/s)=737560.0
21:41:01.742 [main           ] INFO  moving_client.GeolifeStorage   - GEOLIFE_STOP_INDEX=10,UPDATE_OPS=99,PUBLISH_OPS=1,Granularity=100,Throughput (ops/s)=8069.1
21:56:02.313 [main           ] INFO  moving_client.GeolifeStorage   - GEOLIFE_STOP_INDEX=10,UPDATE_OPS=99,PUBLISH_OPS=1,Granularity=50,Throughput (ops/s)=10935.8
22:11:02.829 [main           ] INFO  moving_client.GeolifeStorage   - GEOLIFE_STOP_INDEX=10,UPDATE_OPS=99,PUBLISH_OPS=1,Granularity=25,Throughput (ops/s)=11516.5
22:26:03.405 [main           ] INFO  moving_client.GeolifeStorage   - GEOLIFE_STOP_INDEX=10,UPDATE_OPS=99,PUBLISH_OPS=1,Granularity=10,Throughput (ops/s)=11869.9
22:41:03.969 [main           ] INFO  moving_client.GeolifeStorage   - GEOLIFE_STOP_INDEX=10,UPDATE_OPS=99,PUBLISH_OPS=1,Granularity=1,Throughput (ops/s)=12084.8
22:56:04.439 [main           ] INFO  moving_client.GeolifeStorage   - GEOLIFE_STOP_INDEX=10,UPDATE_OPS=1,PUBLISH_OPS=1,Granularity=100,Throughput (ops/s)=21070.5
23:11:05.004 [main           ] INFO  moving_client.GeolifeStorage   - GEOLIFE_STOP_INDEX=10,UPDATE_OPS=1,PUBLISH_OPS=1,Granularity=50,Throughput (ops/s)=29315.1
23:26:05.529 [main           ] INFO  moving_client.GeolifeStorage   - GEOLIFE_STOP_INDEX=10,UPDATE_OPS=1,PUBLISH_OPS=1,Granularity=25,Throughput (ops/s)=30470.0
23:41:06.047 [main           ] INFO  moving_client.GeolifeStorage   - GEOLIFE_STOP_INDEX=10,UPDATE_OPS=1,PUBLISH_OPS=1,Granularity=10,Throughput (ops/s)=31248.4
23:56:06.722 [main           ] INFO  moving_client.GeolifeStorage   - GEOLIFE_STOP_INDEX=10,UPDATE_OPS=1,PUBLISH_OPS=1,Granularity=1,Throughput (ops/s)=32148.3
00:11:07.236 [main           ] INFO  moving_client.GeolifeStorage   - GEOLIFE_STOP_INDEX=10,UPDATE_OPS=1,PUBLISH_OPS=10,Granularity=100,Throughput (ops/s)=65334.0
00:26:07.765 [main           ] INFO  moving_client.GeolifeStorage   - GEOLIFE_STOP_INDEX=10,UPDATE_OPS=1,PUBLISH_OPS=10,Granularity=50,Throughput (ops/s)=77649.1
00:41:08.278 [main           ] INFO  moving_client.GeolifeStorage   - GEOLIFE_STOP_INDEX=10,UPDATE_OPS=1,PUBLISH_OPS=10,Granularity=25,Throughput (ops/s)=78316.8
00:56:08.881 [main           ] INFO  moving_client.GeolifeStorage   - GEOLIFE_STOP_INDEX=10,UPDATE_OPS=1,PUBLISH_OPS=10,Granularity=10,Throughput (ops/s)=77888.4
01:11:09.452 [main           ] INFO  moving_client.GeolifeStorage   - GEOLIFE_STOP_INDEX=10,UPDATE_OPS=1,PUBLISH_OPS=10,Granularity=1,Throughput (ops/s)=76140.1
01:26:10.000 [main           ] INFO  moving_client.GeolifeStorage   - GEOLIFE_STOP_INDEX=10,UPDATE_OPS=1,PUBLISH_OPS=99,Granularity=100,Throughput (ops/s)=141781.5
01:41:10.628 [main           ] INFO  moving_client.GeolifeStorage   - GEOLIFE_STOP_INDEX=10,UPDATE_OPS=1,PUBLISH_OPS=99,Granularity=50,Throughput (ops/s)=143710.7
01:56:11.125 [main           ] INFO  moving_client.GeolifeStorage   - GEOLIFE_STOP_INDEX=10,UPDATE_OPS=1,PUBLISH_OPS=99,Granularity=25,Throughput (ops/s)=137359.2
02:11:11.735 [main           ] INFO  moving_client.GeolifeStorage   - GEOLIFE_STOP_INDEX=10,UPDATE_OPS=1,PUBLISH_OPS=99,Granularity=10,Throughput (ops/s)=132895.5
02:26:12.182 [main           ] INFO  moving_client.GeolifeStorage   - GEOLIFE_STOP_INDEX=10,UPDATE_OPS=1,PUBLISH_OPS=99,Granularity=1,Throughput (ops/s)=126473.9
02:41:17.315 [main           ] INFO  moving_client.GeolifeStorage   - GEOLIFE_STOP_INDEX=100,UPDATE_OPS=99,PUBLISH_OPS=1,Granularity=100,Throughput (ops/s)=802.0
02:56:24.214 [main           ] INFO  moving_client.GeolifeStorage   - GEOLIFE_STOP_INDEX=100,UPDATE_OPS=99,PUBLISH_OPS=1,Granularity=50,Throughput (ops/s)=1111.32
03:11:30.445 [main           ] INFO  moving_client.GeolifeStorage   - GEOLIFE_STOP_INDEX=100,UPDATE_OPS=99,PUBLISH_OPS=1,Granularity=25,Throughput (ops/s)=1142.39
03:26:37.535 [main           ] INFO  moving_client.GeolifeStorage   - GEOLIFE_STOP_INDEX=100,UPDATE_OPS=99,PUBLISH_OPS=1,Granularity=10,Throughput (ops/s)=1212.11
03:41:42.931 [main           ] INFO  moving_client.GeolifeStorage   - GEOLIFE_STOP_INDEX=100,UPDATE_OPS=99,PUBLISH_OPS=1,Granularity=1,Throughput (ops/s)=1215.35
03:56:48.121 [main           ] INFO  moving_client.GeolifeStorage   - GEOLIFE_STOP_INDEX=100,UPDATE_OPS=1,PUBLISH_OPS=1,Granularity=100,Throughput (ops/s)=1883.45
04:11:54.169 [main           ] INFO  moving_client.GeolifeStorage   - GEOLIFE_STOP_INDEX=100,UPDATE_OPS=1,PUBLISH_OPS=1,Granularity=50,Throughput (ops/s)=2346.94
04:26:59.686 [main           ] INFO  moving_client.GeolifeStorage   - GEOLIFE_STOP_INDEX=100,UPDATE_OPS=1,PUBLISH_OPS=1,Granularity=25,Throughput (ops/s)=2366.72
04:42:05.839 [main           ] INFO  moving_client.GeolifeStorage   - GEOLIFE_STOP_INDEX=100,UPDATE_OPS=1,PUBLISH_OPS=1,Granularity=10,Throughput (ops/s)=2424.39
04:57:10.060 [main           ] INFO  moving_client.GeolifeStorage   - GEOLIFE_STOP_INDEX=100,UPDATE_OPS=1,PUBLISH_OPS=1,Granularity=1,Throughput (ops/s)=2330.84
05:12:15.339 [main           ] INFO  moving_client.GeolifeStorage   - GEOLIFE_STOP_INDEX=100,UPDATE_OPS=1,PUBLISH_OPS=10,Granularity=100,Throughput (ops/s)=2787.35
05:27:21.230 [main           ] INFO  moving_client.GeolifeStorage   - GEOLIFE_STOP_INDEX=100,UPDATE_OPS=1,PUBLISH_OPS=10,Granularity=50,Throughput (ops/s)=2909.06
05:42:26.816 [main           ] INFO  moving_client.GeolifeStorage   - GEOLIFE_STOP_INDEX=100,UPDATE_OPS=1,PUBLISH_OPS=10,Granularity=25,Throughput (ops/s)=2817.46
05:57:32.742 [main           ] INFO  moving_client.GeolifeStorage   - GEOLIFE_STOP_INDEX=100,UPDATE_OPS=1,PUBLISH_OPS=10,Granularity=10,Throughput (ops/s)=2727.46
06:12:40.492 [main           ] INFO  moving_client.GeolifeStorage   - GEOLIFE_STOP_INDEX=100,UPDATE_OPS=1,PUBLISH_OPS=10,Granularity=1,Throughput (ops/s)=2360.91
06:27:46.227 [main           ] INFO  moving_client.GeolifeStorage   - GEOLIFE_STOP_INDEX=100,UPDATE_OPS=1,PUBLISH_OPS=99,Granularity=100,Throughput (ops/s)=3300.52
06:42:52.387 [main           ] INFO  moving_client.GeolifeStorage   - GEOLIFE_STOP_INDEX=100,UPDATE_OPS=1,PUBLISH_OPS=99,Granularity=50,Throughput (ops/s)=3208.59
06:57:57.648 [main           ] INFO  moving_client.GeolifeStorage   - GEOLIFE_STOP_INDEX=100,UPDATE_OPS=1,PUBLISH_OPS=99,Granularity=25,Throughput (ops/s)=3021.65
07:13:04.921 [main           ] INFO  moving_client.GeolifeStorage   - GEOLIFE_STOP_INDEX=100,UPDATE_OPS=1,PUBLISH_OPS=99,Granularity=10,Throughput (ops/s)=2881.44
07:28:10.280 [main           ] INFO  moving_client.GeolifeStorage   - GEOLIFE_STOP_INDEX=100,UPDATE_OPS=1,PUBLISH_OPS=99,Granularity=1,Throughput (ops/s)=2345.49
07:43:28.269 [main           ] INFO  moving_client.GeolifeStorage   - GEOLIFE_STOP_INDEX=250,UPDATE_OPS=99,PUBLISH_OPS=1,Granularity=100,Throughput (ops/s)=319.384
07:58:44.992 [main           ] INFO  moving_client.GeolifeStorage   - GEOLIFE_STOP_INDEX=250,UPDATE_OPS=99,PUBLISH_OPS=1,Granularity=50,Throughput (ops/s)=439.996
08:14:01.184 [main           ] INFO  moving_client.GeolifeStorage   - GEOLIFE_STOP_INDEX=250,UPDATE_OPS=99,PUBLISH_OPS=1,Granularity=25,Throughput (ops/s)=462.624
08:29:18.305 [main           ] INFO  moving_client.GeolifeStorage   - GEOLIFE_STOP_INDEX=250,UPDATE_OPS=99,PUBLISH_OPS=1,Granularity=10,Throughput (ops/s)=482.72
08:44:34.983 [main           ] INFO  moving_client.GeolifeStorage   - GEOLIFE_STOP_INDEX=250,UPDATE_OPS=99,PUBLISH_OPS=1,Granularity=1,Throughput (ops/s)=486.412
08:59:49.384 [main           ] INFO  moving_client.GeolifeStorage   - GEOLIFE_STOP_INDEX=250,UPDATE_OPS=1,PUBLISH_OPS=1,Granularity=100,Throughput (ops/s)=662.052
09:15:05.917 [main           ] INFO  moving_client.GeolifeStorage   - GEOLIFE_STOP_INDEX=250,UPDATE_OPS=1,PUBLISH_OPS=1,Granularity=50,Throughput (ops/s)=791.276
09:30:21.375 [main           ] INFO  moving_client.GeolifeStorage   - GEOLIFE_STOP_INDEX=250,UPDATE_OPS=1,PUBLISH_OPS=1,Granularity=25,Throughput (ops/s)=793.224
09:45:38.903 [main           ] INFO  moving_client.GeolifeStorage   - GEOLIFE_STOP_INDEX=250,UPDATE_OPS=1,PUBLISH_OPS=1,Granularity=10,Throughput (ops/s)=753.82
10:00:54.089 [main           ] INFO  moving_client.GeolifeStorage   - GEOLIFE_STOP_INDEX=250,UPDATE_OPS=1,PUBLISH_OPS=1,Granularity=1,Throughput (ops/s)=706.264
10:16:09.669 [main           ] INFO  moving_client.GeolifeStorage   - GEOLIFE_STOP_INDEX=250,UPDATE_OPS=1,PUBLISH_OPS=10,Granularity=100,Throughput (ops/s)=901.568
10:31:31.139 [main           ] INFO  moving_client.GeolifeStorage   - GEOLIFE_STOP_INDEX=250,UPDATE_OPS=1,PUBLISH_OPS=10,Granularity=50,Throughput (ops/s)=996.2
10:46:48.199 [main           ] INFO  moving_client.GeolifeStorage   - GEOLIFE_STOP_INDEX=250,UPDATE_OPS=1,PUBLISH_OPS=10,Granularity=25,Throughput (ops/s)=924.24
11:02:05.864 [main           ] INFO  moving_client.GeolifeStorage   - GEOLIFE_STOP_INDEX=250,UPDATE_OPS=1,PUBLISH_OPS=10,Granularity=10,Throughput (ops/s)=749.308
11:17:25.267 [main           ] INFO  moving_client.GeolifeStorage   - GEOLIFE_STOP_INDEX=250,UPDATE_OPS=1,PUBLISH_OPS=10,Granularity=1,Throughput (ops/s)=627.236
11:32:43.872 [main           ] INFO  moving_client.GeolifeStorage   - GEOLIFE_STOP_INDEX=250,UPDATE_OPS=1,PUBLISH_OPS=99,Granularity=100,Throughput (ops/s)=1341.288
11:48:00.702 [main           ] INFO  moving_client.GeolifeStorage   - GEOLIFE_STOP_INDEX=250,UPDATE_OPS=1,PUBLISH_OPS=99,Granularity=50,Throughput (ops/s)=1238.072
12:03:19.763 [main           ] INFO  moving_client.GeolifeStorage   - GEOLIFE_STOP_INDEX=250,UPDATE_OPS=1,PUBLISH_OPS=99,Granularity=25,Throughput (ops/s)=1115.172
12:18:37.717 [main           ] INFO  moving_client.GeolifeStorage   - GEOLIFE_STOP_INDEX=250,UPDATE_OPS=1,PUBLISH_OPS=99,Granularity=10,Throughput (ops/s)=883.396
12:34:04.724 [main           ] INFO  moving_client.GeolifeStorage   - GEOLIFE_STOP_INDEX=250,UPDATE_OPS=1,PUBLISH_OPS=99,Granularity=1,Throughput (ops/s)=727.576
12:49:54.318 [main           ] INFO  moving_client.GeolifeStorage   - GEOLIFE_STOP_INDEX=500,UPDATE_OPS=99,PUBLISH_OPS=1,Granularity=100,Throughput (ops/s)=154.116
13:05:27.254 [main           ] INFO  moving_client.GeolifeStorage   - GEOLIFE_STOP_INDEX=500,UPDATE_OPS=99,PUBLISH_OPS=1,Granularity=50,Throughput (ops/s)=209.012
13:21:07.590 [main           ] INFO  moving_client.GeolifeStorage   - GEOLIFE_STOP_INDEX=500,UPDATE_OPS=99,PUBLISH_OPS=1,Granularity=25,Throughput (ops/s)=223.31
13:36:48.834 [main           ] INFO  moving_client.GeolifeStorage   - GEOLIFE_STOP_INDEX=500,UPDATE_OPS=99,PUBLISH_OPS=1,Granularity=10,Throughput (ops/s)=222.234
13:52:24.677 [main           ] INFO  moving_client.GeolifeStorage   - GEOLIFE_STOP_INDEX=500,UPDATE_OPS=99,PUBLISH_OPS=1,Granularity=1,Throughput (ops/s)=227.054
14:08:07.129 [main           ] INFO  moving_client.GeolifeStorage   - GEOLIFE_STOP_INDEX=500,UPDATE_OPS=1,PUBLISH_OPS=1,Granularity=100,Throughput (ops/s)=290.306
14:23:41.047 [main           ] INFO  moving_client.GeolifeStorage   - GEOLIFE_STOP_INDEX=500,UPDATE_OPS=1,PUBLISH_OPS=1,Granularity=50,Throughput (ops/s)=344.634
14:39:23.164 [main           ] INFO  moving_client.GeolifeStorage   - GEOLIFE_STOP_INDEX=500,UPDATE_OPS=1,PUBLISH_OPS=1,Granularity=25,Throughput (ops/s)=339.776
14:54:58.679 [main           ] INFO  moving_client.GeolifeStorage   - GEOLIFE_STOP_INDEX=500,UPDATE_OPS=1,PUBLISH_OPS=1,Granularity=10,Throughput (ops/s)=306.454
15:10:29.559 [main           ] INFO  moving_client.GeolifeStorage   - GEOLIFE_STOP_INDEX=500,UPDATE_OPS=1,PUBLISH_OPS=1,Granularity=1,Throughput (ops/s)=291.498
15:26:05.314 [main           ] INFO  moving_client.GeolifeStorage   - GEOLIFE_STOP_INDEX=500,UPDATE_OPS=1,PUBLISH_OPS=10,Granularity=100,Throughput (ops/s)=368.534
15:41:43.817 [main           ] INFO  moving_client.GeolifeStorage   - GEOLIFE_STOP_INDEX=500,UPDATE_OPS=1,PUBLISH_OPS=10,Granularity=50,Throughput (ops/s)=397.0
15:57:16.346 [main           ] INFO  moving_client.GeolifeStorage   - GEOLIFE_STOP_INDEX=500,UPDATE_OPS=1,PUBLISH_OPS=10,Granularity=25,Throughput (ops/s)=362.894
16:12:45.364 [main           ] INFO  moving_client.GeolifeStorage   - GEOLIFE_STOP_INDEX=500,UPDATE_OPS=1,PUBLISH_OPS=10,Granularity=10,Throughput (ops/s)=541.296
16:28:35.966 [main           ] INFO  moving_client.GeolifeStorage   - GEOLIFE_STOP_INDEX=500,UPDATE_OPS=1,PUBLISH_OPS=10,Granularity=1,Throughput (ops/s)=459.154
16:44:29.898 [main           ] INFO  moving_client.GeolifeStorage   - GEOLIFE_STOP_INDEX=500,UPDATE_OPS=1,PUBLISH_OPS=99,Granularity=100,Throughput (ops/s)=428.14
16:59:57.806 [main           ] INFO  moving_client.GeolifeStorage   - GEOLIFE_STOP_INDEX=500,UPDATE_OPS=1,PUBLISH_OPS=99,Granularity=50,Throughput (ops/s)=422.028
17:15:40.988 [main           ] INFO  moving_client.GeolifeStorage   - GEOLIFE_STOP_INDEX=500,UPDATE_OPS=1,PUBLISH_OPS=99,Granularity=25,Throughput (ops/s)=390.54
17:32:42.997 [main           ] INFO  moving_client.GeolifeStorage   - GEOLIFE_STOP_INDEX=500,UPDATE_OPS=1,PUBLISH_OPS=99,Granularity=10,Throughput (ops/s)=695.604
17:48:38.448 [main           ] INFO  moving_client.GeolifeStorage   - GEOLIFE_STOP_INDEX=500,UPDATE_OPS=1,PUBLISH_OPS=99,Granularity=1,Throughput (ops/s)=665.154
18:04:41.693 [main           ] INFO  moving_client.GeolifeStorage   - GEOLIFE_STOP_INDEX=750,UPDATE_OPS=99,PUBLISH_OPS=1,Granularity=100,Throughput (ops/s)=97.83466666666666
18:20:25.036 [main           ] INFO  moving_client.GeolifeStorage   - GEOLIFE_STOP_INDEX=750,UPDATE_OPS=99,PUBLISH_OPS=1,Granularity=50,Throughput (ops/s)=129.02266666666668
18:36:11.349 [main           ] INFO  moving_client.GeolifeStorage   - GEOLIFE_STOP_INDEX=750,UPDATE_OPS=99,PUBLISH_OPS=1,Granularity=25,Throughput (ops/s)=135.69866666666667
18:51:51.066 [main           ] INFO  moving_client.GeolifeStorage   - GEOLIFE_STOP_INDEX=750,UPDATE_OPS=99,PUBLISH_OPS=1,Granularity=10,Throughput (ops/s)=140.53333333333333
19:07:40.265 [main           ] INFO  moving_client.GeolifeStorage   - GEOLIFE_STOP_INDEX=750,UPDATE_OPS=99,PUBLISH_OPS=1,Granularity=1,Throughput (ops/s)=142.34
19:23:37.926 [main           ] INFO  moving_client.GeolifeStorage   - GEOLIFE_STOP_INDEX=750,UPDATE_OPS=1,PUBLISH_OPS=1,Granularity=100,Throughput (ops/s)=161.18533333333335
19:39:36.097 [main           ] INFO  moving_client.GeolifeStorage   - GEOLIFE_STOP_INDEX=750,UPDATE_OPS=1,PUBLISH_OPS=1,Granularity=50,Throughput (ops/s)=185.88933333333333
19:55:35.860 [main           ] INFO  moving_client.GeolifeStorage   - GEOLIFE_STOP_INDEX=750,UPDATE_OPS=1,PUBLISH_OPS=1,Granularity=25,Throughput (ops/s)=188.26533333333333
20:11:27.942 [main           ] INFO  moving_client.GeolifeStorage   - GEOLIFE_STOP_INDEX=750,UPDATE_OPS=1,PUBLISH_OPS=1,Granularity=10,Throughput (ops/s)=183.66266666666667
20:27:27.469 [main           ] INFO  moving_client.GeolifeStorage   - GEOLIFE_STOP_INDEX=750,UPDATE_OPS=1,PUBLISH_OPS=1,Granularity=1,Throughput (ops/s)=189.58
20:43:24.479 [main           ] INFO  moving_client.GeolifeStorage   - GEOLIFE_STOP_INDEX=750,UPDATE_OPS=1,PUBLISH_OPS=10,Granularity=100,Throughput (ops/s)=207.27333333333334
20:59:26.357 [main           ] INFO  moving_client.GeolifeStorage   - GEOLIFE_STOP_INDEX=750,UPDATE_OPS=1,PUBLISH_OPS=10,Granularity=50,Throughput (ops/s)=205.33066666666667
21:16:49.089 [main           ] INFO  moving_client.GeolifeStorage   - GEOLIFE_STOP_INDEX=750,UPDATE_OPS=1,PUBLISH_OPS=10,Granularity=25,Throughput (ops/s)=208.32
21:32:37.922 [main           ] INFO  moving_client.GeolifeStorage   - GEOLIFE_STOP_INDEX=750,UPDATE_OPS=1,PUBLISH_OPS=10,Granularity=10,Throughput (ops/s)=352.2146666666667
21:48:52.208 [main           ] INFO  moving_client.GeolifeStorage   - GEOLIFE_STOP_INDEX=750,UPDATE_OPS=1,PUBLISH_OPS=10,Granularity=1,Throughput (ops/s)=375.97866666666664
22:07:10.170 [main           ] INFO  moving_client.GeolifeStorage   - GEOLIFE_STOP_INDEX=750,UPDATE_OPS=1,PUBLISH_OPS=99,Granularity=100,Throughput (ops/s)=240.18133333333333
22:23:00.589 [main           ] INFO  moving_client.GeolifeStorage   - GEOLIFE_STOP_INDEX=750,UPDATE_OPS=1,PUBLISH_OPS=99,Granularity=50,Throughput (ops/s)=212.11066666666667
22:40:40.128 [main           ] INFO  moving_client.GeolifeStorage   - GEOLIFE_STOP_INDEX=750,UPDATE_OPS=1,PUBLISH_OPS=99,Granularity=25,Throughput (ops/s)=207.724
22:57:46.789 [main           ] INFO  moving_client.GeolifeStorage   - GEOLIFE_STOP_INDEX=750,UPDATE_OPS=1,PUBLISH_OPS=99,Granularity=10,Throughput (ops/s)=779.4506666666666
23:13:36.292 [main           ] INFO  moving_client.GeolifeStorage   - GEOLIFE_STOP_INDEX=750,UPDATE_OPS=1,PUBLISH_OPS=99,Granularity=1,Throughput (ops/s)=316.988
23:29:46.495 [main           ] INFO  moving_client.GeolifeStorage   - GEOLIFE_STOP_INDEX=1000,UPDATE_OPS=99,PUBLISH_OPS=1,Granularity=100,Throughput (ops/s)=72.807
23:45:56.069 [main           ] INFO  moving_client.GeolifeStorage   - GEOLIFE_STOP_INDEX=1000,UPDATE_OPS=99,PUBLISH_OPS=1,Granularity=50,Throughput (ops/s)=96.383
00:01:58.638 [main           ] INFO  moving_client.GeolifeStorage   - GEOLIFE_STOP_INDEX=1000,UPDATE_OPS=99,PUBLISH_OPS=1,Granularity=25,Throughput (ops/s)=100.943
00:17:51.934 [main           ] INFO  moving_client.GeolifeStorage   - GEOLIFE_STOP_INDEX=1000,UPDATE_OPS=99,PUBLISH_OPS=1,Granularity=10,Throughput (ops/s)=104.915
00:33:54.238 [main           ] INFO  moving_client.GeolifeStorage   - GEOLIFE_STOP_INDEX=1000,UPDATE_OPS=99,PUBLISH_OPS=1,Granularity=1,Throughput (ops/s)=105.636
00:50:05.841 [main           ] INFO  moving_client.GeolifeStorage   - GEOLIFE_STOP_INDEX=1000,UPDATE_OPS=1,PUBLISH_OPS=1,Granularity=100,Throughput (ops/s)=109.431
01:06:29.656 [main           ] INFO  moving_client.GeolifeStorage   - GEOLIFE_STOP_INDEX=1000,UPDATE_OPS=1,PUBLISH_OPS=1,Granularity=50,Throughput (ops/s)=121.12
01:22:58.191 [main           ] INFO  moving_client.GeolifeStorage   - GEOLIFE_STOP_INDEX=1000,UPDATE_OPS=1,PUBLISH_OPS=1,Granularity=25,Throughput (ops/s)=119.627
01:39:50.149 [main           ] INFO  moving_client.GeolifeStorage   - GEOLIFE_STOP_INDEX=1000,UPDATE_OPS=1,PUBLISH_OPS=1,Granularity=10,Throughput (ops/s)=122.271
01:56:13.588 [main           ] INFO  moving_client.GeolifeStorage   - GEOLIFE_STOP_INDEX=1000,UPDATE_OPS=1,PUBLISH_OPS=1,Granularity=1,Throughput (ops/s)=116.176
02:12:45.348 [main           ] INFO  moving_client.GeolifeStorage   - GEOLIFE_STOP_INDEX=1000,UPDATE_OPS=1,PUBLISH_OPS=10,Granularity=100,Throughput (ops/s)=138.666
02:29:12.943 [main           ] INFO  moving_client.GeolifeStorage   - GEOLIFE_STOP_INDEX=1000,UPDATE_OPS=1,PUBLISH_OPS=10,Granularity=50,Throughput (ops/s)=137.872
02:45:48.279 [main           ] INFO  moving_client.GeolifeStorage   - GEOLIFE_STOP_INDEX=1000,UPDATE_OPS=1,PUBLISH_OPS=10,Granularity=25,Throughput (ops/s)=125.315
03:02:23.331 [main           ] INFO  moving_client.GeolifeStorage   - GEOLIFE_STOP_INDEX=1000,UPDATE_OPS=1,PUBLISH_OPS=10,Granularity=10,Throughput (ops/s)=216.756
03:18:49.644 [main           ] INFO  moving_client.GeolifeStorage   - GEOLIFE_STOP_INDEX=1000,UPDATE_OPS=1,PUBLISH_OPS=10,Granularity=1,Throughput (ops/s)=248.263
03:34:57.381 [main           ] INFO  moving_client.GeolifeStorage   - GEOLIFE_STOP_INDEX=1000,UPDATE_OPS=1,PUBLISH_OPS=99,Granularity=100,Throughput (ops/s)=132.775
03:51:04.247 [main           ] INFO  moving_client.GeolifeStorage   - GEOLIFE_STOP_INDEX=1000,UPDATE_OPS=1,PUBLISH_OPS=99,Granularity=50,Throughput (ops/s)=129.75
04:07:36.479 [main           ] INFO  moving_client.GeolifeStorage   - GEOLIFE_STOP_INDEX=1000,UPDATE_OPS=1,PUBLISH_OPS=99,Granularity=25,Throughput (ops/s)=117.745
04:28:49.560 [main           ] INFO  moving_client.GeolifeStorage   - GEOLIFE_STOP_INDEX=1000,UPDATE_OPS=1,PUBLISH_OPS=99,Granularity=10,Throughput (ops/s)=221.902
04:49:44.308 [main           ] INFO  moving_client.GeolifeStorage   - GEOLIFE_STOP_INDEX=1000,UPDATE_OPS=1,PUBLISH_OPS=99,Granularity=1,Throughput (ops/s)=324.917
